<?xml version="1.0" encoding="UTF-8"?>
<!-- Generated by org.testng.reporters.JUnitXMLReporter -->
<testsuite ignored="0" hostname="DESKTOP-C0I46B7" failures="0" tests="5" name="Default test" time="51.468" errors="0" timestamp="2026-04-29T15:45:31 IST">
  <testcase classname="tutorialsninga.tests.Register" name="verifyRegisterWithMandatoryFields" time="3.427"/>
  <testcase classname="tutorialsninga.tests.Register" name="verifyRegisterAllFields" time="6.027"/>
  <testcase classname="tutorialsninga.tests.Register" name="verifyErrormessageAllFields" time="4.082"/>
  <testcase classname="tutorialsninga.tests.Register" name="verifyRegisterNewsletter" time="5.287"/>
  <testcase classname="tutorialsninga.tests.Register" name="verifyRegisterNewsletterNo" time="4.786"/>
</testsuite> <!-- Default test -->
