<?xml version="1.0" encoding="UTF-8"?>
<testng-results ignored="0" total="5" passed="5" failed="0" skipped="0">
  <reporter-output>
  </reporter-output>
  <suite started-at="2026-04-29T15:44:40 IST" name="Default suite" finished-at="2026-04-29T15:45:31 IST" duration-ms="51468">
    <groups>
    </groups>
    <test started-at="2026-04-29T15:44:40 IST" name="Default test" finished-at="2026-04-29T15:45:31 IST" duration-ms="51468">
      <class name="tutorialsninga.tests.Register">
        <test-method is-config="true" signature="setup()[pri:0, instance:tutorialsninga.tests.Register@3270d194]" started-at="2026-04-29T15:44:40 IST" name="setup" finished-at="2026-04-29T15:44:43 IST" duration-ms="3409" status="PASS">
          <reporter-output>
          </reporter-output>
        </test-method> <!-- setup -->
        <test-method signature="verifyRegisterWithMandatoryFields()[pri:1, instance:tutorialsninga.tests.Register@3270d194]" started-at="2026-04-29T15:44:43 IST" name="verifyRegisterWithMandatoryFields" finished-at="2026-04-29T15:44:46 IST" duration-ms="3427" status="PASS">
          <reporter-output>
          </reporter-output>
        </test-method> <!-- verifyRegisterWithMandatoryFields -->
        <test-method is-config="true" signature="teardown()[pri:0, instance:tutorialsninga.tests.Register@3270d194]" started-at="2026-04-29T15:44:46 IST" name="teardown" finished-at="2026-04-29T15:44:47 IST" duration-ms="310" status="PASS">
          <reporter-output>
          </reporter-output>
        </test-method> <!-- teardown -->
        <test-method is-config="true" signature="setup()[pri:0, instance:tutorialsninga.tests.Register@3270d194]" started-at="2026-04-29T15:44:47 IST" name="setup" finished-at="2026-04-29T15:44:51 IST" duration-ms="4666" status="PASS">
          <reporter-output>
          </reporter-output>
        </test-method> <!-- setup -->
        <test-method signature="verifyRegisterAllFields()[pri:2, instance:tutorialsninga.tests.Register@3270d194]" started-at="2026-04-29T15:44:51 IST" name="verifyRegisterAllFields" finished-at="2026-04-29T15:44:57 IST" duration-ms="6027" status="PASS">
          <reporter-output>
          </reporter-output>
        </test-method> <!-- verifyRegisterAllFields -->
        <test-method is-config="true" signature="teardown()[pri:0, instance:tutorialsninga.tests.Register@3270d194]" started-at="2026-04-29T15:44:57 IST" name="teardown" finished-at="2026-04-29T15:44:58 IST" duration-ms="294" status="PASS">
          <reporter-output>
          </reporter-output>
        </test-method> <!-- teardown -->
        <test-method is-config="true" signature="setup()[pri:0, instance:tutorialsninga.tests.Register@3270d194]" started-at="2026-04-29T15:44:58 IST" name="setup" finished-at="2026-04-29T15:45:06 IST" duration-ms="7871" status="PASS">
          <reporter-output>
          </reporter-output>
        </test-method> <!-- setup -->
        <test-method signature="verifyErrormessageAllFields()[pri:3, instance:tutorialsninga.tests.Register@3270d194]" started-at="2026-04-29T15:45:06 IST" name="verifyErrormessageAllFields" finished-at="2026-04-29T15:45:10 IST" duration-ms="4082" status="PASS">
          <reporter-output>
          </reporter-output>
        </test-method> <!-- verifyErrormessageAllFields -->
        <test-method is-config="true" signature="teardown()[pri:0, instance:tutorialsninga.tests.Register@3270d194]" started-at="2026-04-29T15:45:10 IST" name="teardown" finished-at="2026-04-29T15:45:10 IST" duration-ms="267" status="PASS">
          <reporter-output>
          </reporter-output>
        </test-method> <!-- teardown -->
        <test-method is-config="true" signature="setup()[pri:0, instance:tutorialsninga.tests.Register@3270d194]" started-at="2026-04-29T15:45:10 IST" name="setup" finished-at="2026-04-29T15:45:13 IST" duration-ms="2869" status="PASS">
          <reporter-output>
          </reporter-output>
        </test-method> <!-- setup -->
        <test-method signature="verifyRegisterNewsletter()[pri:4, instance:tutorialsninga.tests.Register@3270d194]" started-at="2026-04-29T15:45:13 IST" name="verifyRegisterNewsletter" finished-at="2026-04-29T15:45:18 IST" duration-ms="5287" status="PASS">
          <reporter-output>
          </reporter-output>
        </test-method> <!-- verifyRegisterNewsletter -->
        <test-method is-config="true" signature="teardown()[pri:0, instance:tutorialsninga.tests.Register@3270d194]" started-at="2026-04-29T15:45:18 IST" name="teardown" finished-at="2026-04-29T15:45:18 IST" duration-ms="230" status="PASS">
          <reporter-output>
          </reporter-output>
        </test-method> <!-- teardown -->
        <test-method is-config="true" signature="setup()[pri:0, instance:tutorialsninga.tests.Register@3270d194]" started-at="2026-04-29T15:45:18 IST" name="setup" finished-at="2026-04-29T15:45:26 IST" duration-ms="7528" status="PASS">
          <reporter-output>
          </reporter-output>
        </test-method> <!-- setup -->
        <test-method signature="verifyRegisterNewsletterNo()[pri:5, instance:tutorialsninga.tests.Register@3270d194]" started-at="2026-04-29T15:45:26 IST" name="verifyRegisterNewsletterNo" finished-at="2026-04-29T15:45:31 IST" duration-ms="4786" status="PASS">
          <reporter-output>
          </reporter-output>
        </test-method> <!-- verifyRegisterNewsletterNo -->
        <test-method is-config="true" signature="teardown()[pri:0, instance:tutorialsninga.tests.Register@3270d194]" started-at="2026-04-29T15:45:31 IST" name="teardown" finished-at="2026-04-29T15:45:31 IST" duration-ms="320" status="PASS">
          <reporter-output>
          </reporter-output>
        </test-method> <!-- teardown -->
      </class> <!-- tutorialsninga.tests.Register -->
    </test> <!-- Default test -->
  </suite> <!-- Default suite -->
</testng-results>
