<?xml version="1.0" encoding="UTF-8"?>
<testng-results ignored="0" total="1" passed="1" failed="0" skipped="0">
  <reporter-output>
  </reporter-output>
  <suite started-at="2026-04-19T13:03:41 IST" name="Default suite" finished-at="2026-04-19T13:03:47 IST" duration-ms="5964">
    <groups>
    </groups>
    <test started-at="2026-04-19T13:03:41 IST" name="Default test" finished-at="2026-04-19T13:03:47 IST" duration-ms="5964">
      <class name="tutorialsninga.register.TC_RE_16">
        <test-method is-config="true" signature="setup()[pri:0, instance:tutorialsninga.register.TC_RE_16@48f2bd5b]" started-at="2026-04-19T13:03:41 IST" name="setup" finished-at="2026-04-19T13:03:45 IST" duration-ms="4166" status="PASS">
          <reporter-output>
          </reporter-output>
        </test-method> <!-- setup -->
        <test-method signature="varifyRegisterByEnteringSpacce()[pri:0, instance:tutorialsninga.register.TC_RE_16@48f2bd5b]" started-at="2026-04-19T13:03:45 IST" name="varifyRegisterByEnteringSpacce" finished-at="2026-04-19T13:03:46 IST" duration-ms="1420" status="PASS">
          <reporter-output>
          </reporter-output>
        </test-method> <!-- varifyRegisterByEnteringSpacce -->
        <test-method is-config="true" signature="teardown()[pri:0, instance:tutorialsninga.register.TC_RE_16@48f2bd5b]" started-at="2026-04-19T13:03:46 IST" name="teardown" finished-at="2026-04-19T13:03:47 IST" duration-ms="319" status="PASS">
          <reporter-output>
          </reporter-output>
        </test-method> <!-- teardown -->
      </class> <!-- tutorialsninga.register.TC_RE_16 -->
    </test> <!-- Default test -->
  </suite> <!-- Default suite -->
</testng-results>
