<?xml version="1.0" encoding="UTF-8"?>
<!-- Generated by org.testng.reporters.JUnitReportReporter -->
<testsuite hostname="DESKTOP-C0I46B7" failures="0" tests="5" name="tutorialsninga.tests.Register" time="51.373" errors="0" timestamp="2026-04-29T15:45:31 IST" skipped="0">
  <testcase classname="tutorialsninga.tests.Register" name="verifyRegisterWithMandatoryFields" time="8.403"/>
  <testcase classname="tutorialsninga.tests.Register" name="verifyRegisterAllFields" time="9.216"/>
  <testcase classname="tutorialsninga.tests.Register" name="verifyErrormessageAllFields" time="7.721"/>
  <testcase classname="tutorialsninga.tests.Register" name="verifyRegisterNewsletter" time="13.109"/>
  <testcase classname="tutorialsninga.tests.Register" name="verifyRegisterNewsletterNo" time="12.924"/>
</testsuite> <!-- tutorialsninga.tests.Register -->
