<?xml version="1.0" encoding="UTF-8"?>
<!-- Generated by org.testng.reporters.JUnitReportReporter -->
<testsuite hostname="DESKTOP-C0I46B7" failures="0" tests="2" name="tutorialsninga.tests.Register" time="12.268" errors="0" timestamp="2026-04-29T11:26:26 IST" skipped="0">
  <testcase classname="tutorialsninga.tests.Register" name="verifyRegisterWithMandatoryFields" time="6.775"/>
  <testcase classname="tutorialsninga.tests.Register" name="verifyRegisterAllFields" time="5.493"/>
</testsuite> <!-- tutorialsninga.tests.Register -->
