<?xml version="1.0" encoding="UTF-8"?>
<!-- Generated by org.testng.reporters.JUnitReportReporter -->
<testsuite hostname="DESKTOP-C0I46B7" failures="0" tests="3" name="tutorialsninga.register.TC_RE_27" time="22.369" errors="0" timestamp="2026-04-15T12:25:22 IST" skipped="0">
  <testcase classname="tutorialsninga.register.TC_RE_27" name="varifyRegisterPageUI" time="9.491"/>
  <testcase classname="tutorialsninga.register.TC_RE_27" name="varifyRegisterPageUI" time="6.779"/>
  <testcase classname="tutorialsninga.register.TC_RE_27" name="varifyRegisterPageUI" time="6.099"/>
</testsuite> <!-- tutorialsninga.register.TC_RE_27 -->
